<?xml version="1.0" encoding="UTF-8"?>
<!-- Generated by org.testng.reporters.JUnitReportReporter -->
<testsuite hostname="LAPTOP-H8GD1N65" failures="0" tests="3" name="FileReadingandWriting.FileReading" time="6.791" errors="0" timestamp="2023-10-18T23:17:26 IST" skipped="0">
  <testcase classname="FileReadingandWriting.FileReading" name="readingconfig" time="6.781"/>
  <system-out/>
  <testcase classname="FileReadingandWriting.FileReading" name="writing" time="0.003"/>
  <system-out/>
  <testcase classname="FileReadingandWriting.FileReading" name="reading" time="0.007"/>
  <system-out/>
</testsuite> <!-- FileReadingandWriting.FileReading -->
