<?xml version="1.0" encoding="UTF-8"?>
<!-- Generated by org.testng.reporters.JUnitReportReporter -->
<testsuite hostname="LAPTOP-H8GD1N65" failures="0" tests="1" name="Testngpractice.Amazonpractice" time="13.230" errors="0" timestamp="2023-07-04T23:00:25 IST" skipped="0">
  <testcase classname="Testngpractice.Amazonpractice" name="amazontest" time="13.230"/>
  <system-out/>
</testsuite> <!-- Testngpractice.Amazonpractice -->
