<?xml version="1.0" encoding="UTF-8"?>
<!-- Generated by org.testng.reporters.JUnitReportReporter -->
<testsuite hostname="LAPTOP-H8GD1N65" failures="0" tests="1" name="practisepage.justpractice" time="24.765" errors="0" timestamp="2023-08-08T22:59:57 IST" skipped="0">
  <testcase classname="practisepage.justpractice" name="startedtesting" time="24.765"/>
  <system-out/>
</testsuite> <!-- practisepage.justpractice -->
