<?xml version="1.0" encoding="UTF-8"?>
<!-- Generated by org.testng.reporters.JUnitReportReporter -->
<testsuite hostname="LAPTOP-H8GD1N65" failures="0" tests="1" name="Testngpractice.Amazonpractice2" time="57.874" errors="0" timestamp="2023-07-12T22:33:01 IST" skipped="0">
  <testcase classname="Testngpractice.Amazonpractice2" name="amazontest" time="57.874"/>
  <system-out/>
</testsuite> <!-- Testngpractice.Amazonpractice2 -->
