<?xml version="1.0" encoding="UTF-8"?>
<!-- Generated by org.testng.reporters.JUnitReportReporter -->
<testsuite hostname="LAPTOP-H8GD1N65" failures="0" tests="3" name="Testngpractice.FileReading" time="10.285" errors="0" timestamp="2023-10-15T17:26:30 IST" skipped="0">
  <testcase classname="Testngpractice.FileReading" name="reading" time="0.010"/>
  <system-out/>
  <testcase classname="Testngpractice.FileReading" name="readingconfig" time="10.273"/>
  <system-out/>
  <testcase classname="Testngpractice.FileReading" name="writing" time="0.002"/>
  <system-out/>
</testsuite> <!-- Testngpractice.FileReading -->
