<?xml version="1.0" encoding="UTF-8"?>
<!-- Generated by org.testng.reporters.JUnitReportReporter -->
<testsuite hostname="LAPTOP-H8GD1N65" failures="0" tests="3" name="Testngpractice.RaguPractice" time="15.442" errors="0" timestamp="2024-08-22T12:59:07 IST" skipped="0">
  <testcase classname="Testngpractice.RaguPractice" name="testing_testng_annotations" time="0.006"/>
  <system-out/>
  <testcase classname="Testngpractice.RaguPractice" name="get_suggested_options_from_googlesearch" time="14.561"/>
  <system-out/>
  <testcase classname="Testngpractice.RaguPractice" name="close_browser" time="0.875"/>
  <system-out/>
</testsuite> <!-- Testngpractice.RaguPractice -->
