<?xml version="1.0" encoding="UTF-8"?>
<!-- Generated by org.testng.reporters.JUnitReportReporter -->
<testsuite hostname="LAPTOP-H8GD1N65" failures="0" tests="1" name="Testngpractice.myclass" time="16.255" errors="0" timestamp="2024-08-22T01:12:55 IST" skipped="0">
  <testcase classname="Testngpractice.myclass" name="invokebrowser" time="16.255"/>
  <system-out/>
</testsuite> <!-- Testngpractice.myclass -->
